-------------------------------------------------------------------------------
Test set: TestSuite
-------------------------------------------------------------------------------
Tests run: 8, Failures: 5, Errors: 0, Skipped: 2, Time elapsed: 144.948 sec <<< FAILURE!
addStockTest(com.selenium.testcases.stocksuite.AddDelStockTest)  Time elapsed: 88.89 sec  <<< FAILURE!
java.lang.reflect.InvocationTargetException
	at sun.reflect.NativeMethodAccessorImpl.invoke0(Native Method)
	at sun.reflect.NativeMethodAccessorImpl.invoke(NativeMethodAccessorImpl.java:62)
	at sun.reflect.DelegatingMethodAccessorImpl.invoke(DelegatingMethodAccessorImpl.java:43)
	at java.lang.reflect.Method.invoke(Method.java:498)
	at com.selenium.driver.DriverScript.executeKeywords(DriverScript.java:56)
	at com.selenium.testcases.stocksuite.AddDelStockTest.addStockTest(AddDelStockTest.java:24)
Caused by: java.lang.AssertionError: The following asserts failed:
	Option not found in list Manish
	at org.testng.asserts.SoftAssert.assertAll(SoftAssert.java:43)
	at com.selenium.keywords.GenericKeywords.reportFailure(GenericKeywords.java:349)
	at com.selenium.keywords.GenericKeywords.select(GenericKeywords.java:163)
	... 26 more

buyOrSellStockTest(com.selenium.testcases.stocksuite.BuySellStockTest)  Time elapsed: 0.809 sec  <<< FAILURE!
java.lang.reflect.InvocationTargetException
	at sun.reflect.NativeMethodAccessorImpl.invoke0(Native Method)
	at sun.reflect.NativeMethodAccessorImpl.invoke(NativeMethodAccessorImpl.java:62)
	at sun.reflect.DelegatingMethodAccessorImpl.invoke(DelegatingMethodAccessorImpl.java:43)
	at java.lang.reflect.Method.invoke(Method.java:498)
	at com.selenium.driver.DriverScript.executeKeywords(DriverScript.java:56)
	at com.selenium.testcases.stocksuite.BuySellStockTest.buyOrSellStockTest(BuySellStockTest.java:23)
Caused by: java.lang.AssertionError: The following asserts failed:
	Option not found in list Manish
	at org.testng.asserts.SoftAssert.assertAll(SoftAssert.java:43)
	at com.selenium.keywords.GenericKeywords.reportFailure(GenericKeywords.java:349)
	at com.selenium.keywords.GenericKeywords.select(GenericKeywords.java:163)
	... 26 more

createPortFolioTest(com.selenium.testcases.portfoliosuite.PortFolioTest)  Time elapsed: 22.438 sec  <<< FAILURE!
java.lang.reflect.InvocationTargetException
	at sun.reflect.NativeMethodAccessorImpl.invoke0(Native Method)
	at sun.reflect.NativeMethodAccessorImpl.invoke(NativeMethodAccessorImpl.java:62)
	at sun.reflect.DelegatingMethodAccessorImpl.invoke(DelegatingMethodAccessorImpl.java:43)
	at java.lang.reflect.Method.invoke(Method.java:498)
	at com.selenium.driver.DriverScript.executeKeywords(DriverScript.java:56)
	at com.selenium.testcases.portfoliosuite.PortFolioTest.createPortFolioTest(PortFolioTest.java:24)
Caused by: java.lang.AssertionError: The following asserts failed:
	Values Dont match. Got value as ManishChaudhari
	at org.testng.asserts.SoftAssert.assertAll(SoftAssert.java:43)
	at com.selenium.keywords.GenericKeywords.reportFailure(GenericKeywords.java:349)
	at com.selenium.keywords.GenericKeywords.waitTillSelectionToBe(GenericKeywords.java:266)
	at com.selenium.keywords.AppKeywords.verifyPortFolio(AppKeywords.java:73)
	... 26 more

createPortFolioTest(com.selenium.testcases.portfoliosuite.PortFolioTest)  Time elapsed: 0.081 sec  <<< FAILURE!
java.lang.reflect.InvocationTargetException
	at sun.reflect.NativeMethodAccessorImpl.invoke0(Native Method)
	at sun.reflect.NativeMethodAccessorImpl.invoke(NativeMethodAccessorImpl.java:62)
	at sun.reflect.DelegatingMethodAccessorImpl.invoke(DelegatingMethodAccessorImpl.java:43)
	at java.lang.reflect.Method.invoke(Method.java:498)
	at com.selenium.driver.DriverScript.executeKeywords(DriverScript.java:56)
	at com.selenium.testcases.portfoliosuite.PortFolioTest.createPortFolioTest(PortFolioTest.java:24)
Caused by: java.lang.IllegalStateException: The driver executable does not exist: D:\Common\drivers\geckodriver.exe
	at com.google.common.base.Preconditions.checkState(Preconditions.java:534)
	at org.openqa.selenium.remote.service.DriverService.checkExecutable(DriverService.java:137)
	at org.openqa.selenium.remote.service.DriverService.findExecutable(DriverService.java:132)
	at org.openqa.selenium.firefox.GeckoDriverService.access$100(GeckoDriverService.java:43)
	at org.openqa.selenium.firefox.GeckoDriverService$Builder.findDefaultExecutable(GeckoDriverService.java:166)
	at org.openqa.selenium.remote.service.DriverService$Builder.build(DriverService.java:346)
	at org.openqa.selenium.firefox.FirefoxDriver.toExecutor(FirefoxDriver.java:168)
	at org.openqa.selenium.firefox.FirefoxDriver.<init>(FirefoxDriver.java:125)
	at org.openqa.selenium.firefox.FirefoxDriver.<init>(FirefoxDriver.java:103)
	at com.selenium.keywords.GenericKeywords.openBrowser(GenericKeywords.java:115)
	... 26 more

deleteStockTest(com.selenium.testcases.stocksuite.AddDelStockTest)  Time elapsed: 26.747 sec  <<< FAILURE!
java.lang.reflect.InvocationTargetException
	at sun.reflect.NativeMethodAccessorImpl.invoke0(Native Method)
	at sun.reflect.NativeMethodAccessorImpl.invoke(NativeMethodAccessorImpl.java:62)
	at sun.reflect.DelegatingMethodAccessorImpl.invoke(DelegatingMethodAccessorImpl.java:43)
	at java.lang.reflect.Method.invoke(Method.java:498)
	at com.selenium.driver.DriverScript.executeKeywords(DriverScript.java:56)
	at com.selenium.testcases.stocksuite.AddDelStockTest.deleteStockTest(AddDelStockTest.java:37)
Caused by: java.lang.AssertionError: The following asserts failed:
	Option not found in list Manish
	at org.testng.asserts.SoftAssert.assertAll(SoftAssert.java:43)
	at com.selenium.keywords.GenericKeywords.reportFailure(GenericKeywords.java:349)
	at com.selenium.keywords.GenericKeywords.select(GenericKeywords.java:163)
	... 26 more

