<?xml version="1.0" encoding="UTF-8" ?>
<testsuite tests="8" failures="5" name="TestSuite" time="142.501" errors="0" skipped="2">
  <properties>
    <property name="java.runtime.name" value="Java(TM) SE Runtime Environment"/>
    <property name="sun.boot.library.path" value="C:\Program Files\Java\jdk1.8.0_162\jre\bin"/>
    <property name="java.vm.version" value="25.162-b12"/>
    <property name="java.vm.vendor" value="Oracle Corporation"/>
    <property name="maven.multiModuleProjectDirectory" value="C:\SELENIUM\CoreFramework"/>
    <property name="java.vendor.url" value="http://java.oracle.com/"/>
    <property name="path.separator" value=";"/>
    <property name="guice.disable.misplaced.annotation.check" value="true"/>
    <property name="java.vm.name" value="Java HotSpot(TM) 64-Bit Server VM"/>
    <property name="file.encoding.pkg" value="sun.io"/>
    <property name="user.script" value=""/>
    <property name="user.country" value="US"/>
    <property name="sun.java.launcher" value="SUN_STANDARD"/>
    <property name="sun.os.patch.level" value="Service Pack 1"/>
    <property name="java.vm.specification.name" value="Java Virtual Machine Specification"/>
    <property name="user.dir" value="C:\SELENIUM\CoreFramework"/>
    <property name="java.runtime.version" value="1.8.0_162-b12"/>
    <property name="java.awt.graphicsenv" value="sun.awt.Win32GraphicsEnvironment"/>
    <property name="java.endorsed.dirs" value="C:\Program Files\Java\jdk1.8.0_162\jre\lib\endorsed"/>
    <property name="os.arch" value="amd64"/>
    <property name="java.io.tmpdir" value="C:\Users\Manish\AppData\Local\Temp\"/>
    <property name="line.separator" value="
"/>
    <property name="java.vm.specification.vendor" value="Oracle Corporation"/>
    <property name="user.variant" value=""/>
    <property name="os.name" value="Windows 7"/>
    <property name="classworlds.conf" value="C:\JAVA-SELENIUM\Softwares\apache-maven-3.5.4\bin\..\bin\m2.conf"/>
    <property name="sun.jnu.encoding" value="Cp1252"/>
    <property name="java.library.path" value="C:\Program Files\Java\jdk1.8.0_162\bin;C:\windows\Sun\Java\bin;C:\windows\system32;C:\windows;C:\Program Files (x86)\Common Files\Oracle\Java\javapath;C:\ProgramData\Oracle\Java\javapath;C:\Program Files\Common Files\Microsoft Shared\Windows Live;C:\Program Files (x86)\Common Files\Microsoft Shared\Windows Live;C:\windows\system32;C:\windows;C:\windows\System32\Wbem;C:\windows\System32\WindowsPowerShell\v1.0\;C:\Program Files\Intel\WiFi\bin\;C:\Program Files\Common Files\Intel\WirelessCommon\;c:\Program Files (x86)\Common Files\Roxio Shared\DLLShared\;c:\Program Files (x86)\Common Files\Roxio Shared\OEM\12.0\DLLShared\;c:\Program Files (x86)\Roxio\OEM\AudioCore\;C:\Program Files (x86)\Windows Live\Shared;C:\Program Files (x86)\Common Files\lenovo\easyplussdk\bin;%M2_HOME%\bin;C:\Program Files (x86)\Common Files\Apple\Internet Services\;C:\SOAPUI\axis2-1.6.2\bin;C:\JAVA-SELENIUM\Softwares\apache-ant-1.10.4\bin;C:\JAVA-SELENIUM\drivers;C:\JAVA-SELENIUM\Softwares\apache-maven-3.5.4\bin;C:\Program Files\Git\cmd;;."/>
    <property name="maven.conf" value="C:\JAVA-SELENIUM\Softwares\apache-maven-3.5.4\bin\../conf"/>
    <property name="java.specification.name" value="Java Platform API Specification"/>
    <property name="java.class.version" value="52.0"/>
    <property name="sun.management.compiler" value="HotSpot 64-Bit Tiered Compilers"/>
    <property name="os.version" value="6.1"/>
    <property name="library.jansi.path" value="C:\JAVA-SELENIUM\Softwares\apache-maven-3.5.4\bin\..\lib\jansi-native"/>
    <property name="user.home" value="C:\Users\Manish"/>
    <property name="user.timezone" value="America/New_York"/>
    <property name="java.awt.printerjob" value="sun.awt.windows.WPrinterJob"/>
    <property name="java.specification.version" value="1.8"/>
    <property name="file.encoding" value="Cp1252"/>
    <property name="user.name" value="Manish"/>
    <property name="java.class.path" value="C:\JAVA-SELENIUM\Softwares\apache-maven-3.5.4\bin\..\boot\plexus-classworlds-2.5.2.jar"/>
    <property name="java.vm.specification.version" value="1.8"/>
    <property name="sun.arch.data.model" value="64"/>
    <property name="java.home" value="C:\Program Files\Java\jdk1.8.0_162\jre"/>
    <property name="sun.java.command" value="org.codehaus.plexus.classworlds.launcher.Launcher clean install"/>
    <property name="java.specification.vendor" value="Oracle Corporation"/>
    <property name="user.language" value="en"/>
    <property name="awt.toolkit" value="sun.awt.windows.WToolkit"/>
    <property name="java.vm.info" value="mixed mode"/>
    <property name="java.version" value="1.8.0_162"/>
    <property name="java.ext.dirs" value="C:\Program Files\Java\jdk1.8.0_162\jre\lib\ext;C:\windows\Sun\Java\lib\ext"/>
    <property name="sun.boot.class.path" value="C:\Program Files\Java\jdk1.8.0_162\jre\lib\resources.jar;C:\Program Files\Java\jdk1.8.0_162\jre\lib\rt.jar;C:\Program Files\Java\jdk1.8.0_162\jre\lib\sunrsasign.jar;C:\Program Files\Java\jdk1.8.0_162\jre\lib\jsse.jar;C:\Program Files\Java\jdk1.8.0_162\jre\lib\jce.jar;C:\Program Files\Java\jdk1.8.0_162\jre\lib\charsets.jar;C:\Program Files\Java\jdk1.8.0_162\jre\lib\jfr.jar;C:\Program Files\Java\jdk1.8.0_162\jre\classes"/>
    <property name="sun.stderr.encoding" value="cp437"/>
    <property name="java.vendor" value="Oracle Corporation"/>
    <property name="maven.home" value="C:\JAVA-SELENIUM\Softwares\apache-maven-3.5.4\bin\.."/>
    <property name="file.separator" value="\"/>
    <property name="java.vendor.url.bug" value="http://bugreport.sun.com/bugreport/"/>
    <property name="sun.cpu.endian" value="little"/>
    <property name="sun.io.unicode.encoding" value="UnicodeLittle"/>
    <property name="sun.stdout.encoding" value="cp437"/>
    <property name="sun.desktop" value="windows"/>
    <property name="sun.cpu.isalist" value="amd64"/>
  </properties>
  <testcase classname="com.selenium.testcases.stocksuite.AddDelStockTest" name="addStockTest" time="88.89">
    <failure type="java.lang.reflect.InvocationTargetException">java.lang.reflect.InvocationTargetException
	at sun.reflect.NativeMethodAccessorImpl.invoke0(Native Method)
	at sun.reflect.NativeMethodAccessorImpl.invoke(NativeMethodAccessorImpl.java:62)
	at sun.reflect.DelegatingMethodAccessorImpl.invoke(DelegatingMethodAccessorImpl.java:43)
	at java.lang.reflect.Method.invoke(Method.java:498)
	at com.selenium.driver.DriverScript.executeKeywords(DriverScript.java:56)
	at com.selenium.testcases.stocksuite.AddDelStockTest.addStockTest(AddDelStockTest.java:24)
Caused by: java.lang.AssertionError: The following asserts failed:
	Option not found in list Manish
	at org.testng.asserts.SoftAssert.assertAll(SoftAssert.java:43)
	at com.selenium.keywords.GenericKeywords.reportFailure(GenericKeywords.java:349)
	at com.selenium.keywords.GenericKeywords.select(GenericKeywords.java:163)
	... 26 more
</failure>
    <system-out>[TestNGContentHandler] [WARN] It is strongly recommended to add &quot;&lt;!DOCTYPE suite SYSTEM &quot;http://testng.org/testng-1.0.dtd&quot; &gt;&quot; at the top of your file, otherwise TestNG may fail or not work as expected.
*** PortFolioTest
*** BuySellStockTest
*** AddDelStockTest
C:\SELENIUM\CoreFramework\Files\StockSuite.xlsx
C:\SELENIUM\CoreFramework\Files\StockSuite.xlsx
*** LoginTest
C:\SELENIUM\CoreFramework\Files\PortfolioSuite.xlsx
C:\SELENIUM\CoreFramework\Files\PortfolioSuite.xlsx
AddStockTest
Row Number of test is 9
Total Cols - 8
Total Rows 1
{Date=5/03/2018, Action=Sell, PurchasePrice=200, PortfolioName=Manish, Runmode=Y, Stock Name=Reliance Inds., Quantity=100, Browser=Chrome}
----------------
AddStockTest
Row Number of test is 1
Total Cols - 7
Total Rows 1
{Date=5/03/2018, PurchasePrice=200, PortfolioName=Manish, Runmode=Y, Stock Name=Tata Steel Ltd, Quantity=100, Browser=Chrome}
----------------
C:\SELENIUM\CoreFramework\report\Sun_Aug_12_21_54_46_EDT_2018//Report.html
LoginTest
Row Number of test is 5
Total Cols - 3
Total Rows 2
{PortfolioName=SamplePort1311, Runmode=Y, Browser=Chrome}
----------------
{PortfolioName=SamplePort1411, Runmode=Y, Browser=Mozilla}C:\SELENIUM\CoreFramework\report\Sun_Aug_12_21_54_46_EDT_2018//Report.html

----------------
C:\SELENIUM\CoreFramework\report\Sun_Aug_12_21_54_46_EDT_2018//Report.html
LoginTest
Row Number of test is 1
Total Cols - 5
Total Rows 1
{Username=manish_chaudhari18, ExpectedResult=Loginsuccess, Password=ManishSarita, Runmode=Y, Browser=Chrome}
----------------
C:\SELENIUM\CoreFramework\report\Sun_Aug_12_21_54_46_EDT_2018//Report.html
Rows 25
BuyOrSellStockTest --- openBrowser --- null --- Chrome
Rows 22
LoginTest --- openBrowser --- null --- Chrome
Rows 22
CreatePortFolioTest --- openBrowser --- null --- Chrome
Rows 25
AddStockTest --- openBrowser --- null --- Chrome
AddStockTest --- navigate --- null --- null
LoginTest --- navigate --- null --- null
CreatePortFolioTest --- navigate --- null --- null
BuyOrSellStockTest --- navigate --- null --- null
LoginTest --- login --- null --- null
BuyOrSellStockTest --- login --- null --- null
CreatePortFolioTest --- login --- null --- null
AddStockTest --- login --- null --- null
AddStockTest --- select --- //select[@id=&apos;portfolioid&apos;] --- Manish
</system-out>
    <system-err>Starting ChromeDriver 2.40.565498 (ea082db3280dd6843ebfb08a625e3eb905c4f5ab) on port 27675
Only local connections are allowed.
Starting ChromeDriver 2.40.565498 (ea082db3280dd6843ebfb08a625e3eb905c4f5ab) on port 42042
Only local connections are allowed.
Starting ChromeDriver 2.40.565498 (ea082db3280dd6843ebfb08a625e3eb905c4f5ab) on port 24134
Only local connections are allowed.
Starting ChromeDriver 2.40.565498 (ea082db3280dd6843ebfb08a625e3eb905c4f5ab) on port 18827
Only local connections are allowed.
Aug 12, 2018 9:54:52 PM org.openqa.selenium.remote.ProtocolHandshake createSession
INFO: Detected dialect: OSS
Aug 12, 2018 9:54:52 PM org.openqa.selenium.remote.ProtocolHandshake createSession
INFO: Detected dialect: OSS
Aug 12, 2018 9:54:52 PM org.openqa.selenium.remote.ProtocolHandshake createSession
INFO: Detected dialect: OSS
Aug 12, 2018 9:54:52 PM org.openqa.selenium.remote.ProtocolHandshake createSession
INFO: Detected dialect: OSS
</system-err>
  </testcase>
  <testcase classname="com.selenium.testcases.stocksuite.BuySellStockTest" name="buyOrSellStockTest" time="0.809">
    <failure type="java.lang.reflect.InvocationTargetException">java.lang.reflect.InvocationTargetException
	at sun.reflect.NativeMethodAccessorImpl.invoke0(Native Method)
	at sun.reflect.NativeMethodAccessorImpl.invoke(NativeMethodAccessorImpl.java:62)
	at sun.reflect.DelegatingMethodAccessorImpl.invoke(DelegatingMethodAccessorImpl.java:43)
	at java.lang.reflect.Method.invoke(Method.java:498)
	at com.selenium.driver.DriverScript.executeKeywords(DriverScript.java:56)
	at com.selenium.testcases.stocksuite.BuySellStockTest.buyOrSellStockTest(BuySellStockTest.java:23)
Caused by: java.lang.AssertionError: The following asserts failed:
	Option not found in list Manish
	at org.testng.asserts.SoftAssert.assertAll(SoftAssert.java:43)
	at com.selenium.keywords.GenericKeywords.reportFailure(GenericKeywords.java:349)
	at com.selenium.keywords.GenericKeywords.select(GenericKeywords.java:163)
	... 26 more
</failure>
    <system-out>BuyOrSellStockTest --- select --- //select[@id=&apos;portfolioid&apos;] --- Manish
AddStockTest
Row Number of test is 5
Total Cols - 4
Total Rows 1
{PortfolioName=Manish, Runmode=Y, Stock Name=Tata Steel Ltd., Browser=Chrome}
----------------
Rows 25
DeleteStockTest --- openBrowser --- null --- Chrome
CreatePortFolioTest --- click --- createPortfolio --- null
</system-out>
    <system-err>log4j:WARN No appenders could be found for logger (freemarker.cache).
log4j:WARN Please initialize the log4j system properly.
Starting ChromeDriver 2.40.565498 (ea082db3280dd6843ebfb08a625e3eb905c4f5ab) on port 1917
Only local connections are allowed.
</system-err>
  </testcase>
  <testcase classname="com.selenium.testcases.portfoliosuite.LoginTest" name="loginTest" time="1.124"/>
  <testcase classname="com.selenium.testcases.stocksuite.BuySellStockTest" name="checkTransactionHistoryTest" time="2.251">
    <skipped/>
  </testcase>
  <testcase classname="com.selenium.testcases.portfoliosuite.PortFolioTest" name="createPortFolioTest" time="22.438">
    <failure type="java.lang.reflect.InvocationTargetException">java.lang.reflect.InvocationTargetException
	at sun.reflect.NativeMethodAccessorImpl.invoke0(Native Method)
	at sun.reflect.NativeMethodAccessorImpl.invoke(NativeMethodAccessorImpl.java:62)
	at sun.reflect.DelegatingMethodAccessorImpl.invoke(DelegatingMethodAccessorImpl.java:43)
	at java.lang.reflect.Method.invoke(Method.java:498)
	at com.selenium.driver.DriverScript.executeKeywords(DriverScript.java:56)
	at com.selenium.testcases.portfoliosuite.PortFolioTest.createPortFolioTest(PortFolioTest.java:24)
Caused by: java.lang.AssertionError: The following asserts failed:
	Values Dont match. Got value as ManishChaudhari
	at org.testng.asserts.SoftAssert.assertAll(SoftAssert.java:43)
	at com.selenium.keywords.GenericKeywords.reportFailure(GenericKeywords.java:349)
	at com.selenium.keywords.GenericKeywords.waitTillSelectionToBe(GenericKeywords.java:266)
	at com.selenium.keywords.AppKeywords.verifyPortFolio(AppKeywords.java:73)
	... 26 more
</failure>
    <system-out>DeleteStockTest --- navigate --- null --- null
CreatePortFolioTest --- clear --- create --- null
CreatePortFolioTest --- type --- create --- SamplePort1311
CreatePortFolioTest --- click --- createPortfolioButton --- null
DeleteStockTest --- login --- null --- null
CreatePortFolioTest --- waitForPageToLoad --- null --- null
complete
0
CreatePortFolioTest --- verifyPortFolio --- null --- SamplePort1311
</system-out>
    <system-err>Aug 12, 2018 9:56:19 PM org.openqa.selenium.remote.ProtocolHandshake createSession
INFO: Detected dialect: OSS
</system-err>
  </testcase>
  <testcase classname="com.selenium.testcases.portfoliosuite.PortFolioTest" name="createPortFolioTest" time="0.081">
    <failure type="java.lang.reflect.InvocationTargetException">java.lang.reflect.InvocationTargetException
	at sun.reflect.NativeMethodAccessorImpl.invoke0(Native Method)
	at sun.reflect.NativeMethodAccessorImpl.invoke(NativeMethodAccessorImpl.java:62)
	at sun.reflect.DelegatingMethodAccessorImpl.invoke(DelegatingMethodAccessorImpl.java:43)
	at java.lang.reflect.Method.invoke(Method.java:498)
	at com.selenium.driver.DriverScript.executeKeywords(DriverScript.java:56)
	at com.selenium.testcases.portfoliosuite.PortFolioTest.createPortFolioTest(PortFolioTest.java:24)
Caused by: java.lang.IllegalStateException: The driver executable does not exist: D:\Common\drivers\geckodriver.exe
	at com.google.common.base.Preconditions.checkState(Preconditions.java:534)
	at org.openqa.selenium.remote.service.DriverService.checkExecutable(DriverService.java:137)
	at org.openqa.selenium.remote.service.DriverService.findExecutable(DriverService.java:132)
	at org.openqa.selenium.firefox.GeckoDriverService.access$100(GeckoDriverService.java:43)
	at org.openqa.selenium.firefox.GeckoDriverService$Builder.findDefaultExecutable(GeckoDriverService.java:166)
	at org.openqa.selenium.remote.service.DriverService$Builder.build(DriverService.java:346)
	at org.openqa.selenium.firefox.FirefoxDriver.toExecutor(FirefoxDriver.java:168)
	at org.openqa.selenium.firefox.FirefoxDriver.&lt;init&gt;(FirefoxDriver.java:125)
	at org.openqa.selenium.firefox.FirefoxDriver.&lt;init&gt;(FirefoxDriver.java:103)
	at com.selenium.keywords.GenericKeywords.openBrowser(GenericKeywords.java:115)
	... 26 more
</failure>
    <system-out>Rows 22
CreatePortFolioTest --- openBrowser --- null --- Mozilla
</system-out>
  </testcase>
  <testcase classname="com.selenium.testcases.portfoliosuite.PortFolioTest" name="deletePortFolioTest" time="0.161">
    <skipped/>
  </testcase>
  <testcase classname="com.selenium.testcases.stocksuite.AddDelStockTest" name="deleteStockTest" time="26.747">
    <failure type="java.lang.reflect.InvocationTargetException">java.lang.reflect.InvocationTargetException
	at sun.reflect.NativeMethodAccessorImpl.invoke0(Native Method)
	at sun.reflect.NativeMethodAccessorImpl.invoke(NativeMethodAccessorImpl.java:62)
	at sun.reflect.DelegatingMethodAccessorImpl.invoke(DelegatingMethodAccessorImpl.java:43)
	at java.lang.reflect.Method.invoke(Method.java:498)
	at com.selenium.driver.DriverScript.executeKeywords(DriverScript.java:56)
	at com.selenium.testcases.stocksuite.AddDelStockTest.deleteStockTest(AddDelStockTest.java:37)
Caused by: java.lang.AssertionError: The following asserts failed:
	Option not found in list Manish
	at org.testng.asserts.SoftAssert.assertAll(SoftAssert.java:43)
	at com.selenium.keywords.GenericKeywords.reportFailure(GenericKeywords.java:349)
	at com.selenium.keywords.GenericKeywords.select(GenericKeywords.java:163)
	... 26 more
</failure>
    <system-out>DeleteStockTest --- select --- //select[@id=&apos;portfolioid&apos;] --- Manish
</system-out>
  </testcase>
</testsuite>